Traceback (most recent call last):
  File "main.py", line 7, in <module>
    import data
  File "/yyan/work/athena/Athena/data.py", line 2, in <module>
    import call_graph.graph_generator as gg
  File "/yyan/work/athena/Athena/call_graph/graph_generator.py", line 7, in <module>
    import call_graph.parsers as parsers
  File "/yyan/work/athena/Athena/call_graph/parsers.py", line 5, in <module>
    from tree_sitter import Language, Parser
  File "/opt/conda/envs/athena/lib/python3.7/site-packages/tree_sitter/__init__.py", line 4, in <module>
    from distutils.ccompiler import new_compiler
  File "<frozen importlib._bootstrap>", line 983, in _find_and_load
  File "<frozen importlib._bootstrap>", line 963, in _find_and_load_unlocked
  File "<frozen importlib._bootstrap>", line 906, in _find_spec
  File "/opt/conda/envs/athena/lib/python3.7/site-packages/_distutils_hack/__init__.py", line 90, in find_spec
    return method()
  File "/opt/conda/envs/athena/lib/python3.7/site-packages/_distutils_hack/__init__.py", line 101, in spec_for_distutils
    mod = importlib.import_module('setuptools._distutils')
  File "/opt/conda/envs/athena/lib/python3.7/importlib/__init__.py", line 127, in import_module
    return _bootstrap._gcd_import(name[level:], package, level)
  File "/opt/conda/envs/athena/lib/python3.7/site-packages/setuptools/__init__.py", line 16, in <module>
    import setuptools.version
  File "/opt/conda/envs/athena/lib/python3.7/site-packages/setuptools/version.py", line 1, in <module>
    import pkg_resources
  File "/opt/conda/envs/athena/lib/python3.7/site-packages/pkg_resources/__init__.py", line 3259, in <module>
    @_call_aside
  File "/opt/conda/envs/athena/lib/python3.7/site-packages/pkg_resources/__init__.py", line 3234, in _call_aside
    f(*args, **kwargs)
  File "/opt/conda/envs/athena/lib/python3.7/site-packages/pkg_resources/__init__.py", line 3295, in _initialize_master_working_set
    list(map(working_set.add_entry, sys.path))
  File "/opt/conda/envs/athena/lib/python3.7/site-packages/pkg_resources/__init__.py", line 621, in add_entry
    for dist in find_distributions(entry, True):
  File "/opt/conda/envs/athena/lib/python3.7/site-packages/pkg_resources/__init__.py", line 2096, in find_on_path
    for dist in factory(fullpath):
  File "/opt/conda/envs/athena/lib/python3.7/site-packages/pkg_resources/__init__.py", line 2162, in distributions_from_metadata
    root, entry, metadata, precedence=DEVELOP_DIST,
KeyboardInterrupt
  0%|          | 0/25 [00:00<?, ?it/s]
  0%|          | 0/176 [00:00<?, ?it/s][A